# JRE version: Java(TM) SE Runtime Environment (8.0_92-b14) (build 1.8.0_92-b14)
# Java VM: Java HotSpot(TM) 64-Bit Server VM (25.92-b14 mixed mode linux-amd64 compressed oops)
Heap:
 def new generation   total 129664K, used 14363K [0x00000000c0000000, 0x00000000c8cb0000, 0x00000000d5550000)
  eden space 115264K,  12% used [0x00000000c0000000, 0x00000000c0e06eb0, 0x00000000c7090000)
  from space 14400K,   0% used [0x00000000c7090000, 0x00000000c7090000, 0x00000000c7ea0000)
  to   space 14400K,   0% used [0x00000000c7ea0000, 0x00000000c7ea0000, 0x00000000c8cb0000)
 tenured generation   total 316804K, used 316804K [0x00000000d5550000, 0x00000000e8ab1000, 0x0000000100000000)
   the space 316804K, 100% used [0x00000000d5550000, 0x00000000e8ab1000, 0x00000000e8ab1000, 0x00000000e8ab1000)
 Metaspace       used 8685K, capacity 8804K, committed 9088K, reserved 1056768K
  class space    used 994K, capacity 1040K, committed 1152K, reserved 1048576K
GC Heap History (10 events):
Event: 7.326 GC heap after
Heap after GC invocations=13 (full 1):
 def new generation   total 71680K, used 7936K [0x00000000c0000000, 0x00000000c4dc0000, 0x00000000d5550000)
  eden space 63744K,   0% used [0x00000000c0000000, 0x00000000c0000000, 0x00000000c3e40000)
  from space 7936K, 100% used [0x00000000c4600000, 0x00000000c4dc0000, 0x00000000c4dc0000)
  to   space 7936K,   0% used [0x00000000c3e40000, 0x00000000c3e40000, 0x00000000c4600000)
 tenured generation   total 159188K, used 152039K [0x00000000d5550000, 0x00000000df0c5000, 0x0000000100000000)
   the space 159188K,  95% used [0x00000000d5550000, 0x00000000de9c9f98, 0x00000000de9ca000, 0x00000000df0c5000)
 Metaspace       used 8681K, capacity 8804K, committed 9088K, reserved 1056768K
  class space    used 993K, capacity 1040K, committed 1152K, reserved 1048576K
}
Event: 7.543 GC heap before
{Heap before GC invocations=13 (full 1):
 def new generation   total 71680K, used 71680K [0x00000000c0000000, 0x00000000c4dc0000, 0x00000000d5550000)
  eden space 63744K, 100% used [0x00000000c0000000, 0x00000000c3e40000, 0x00000000c3e40000)
  from space 7936K, 100% used [0x00000000c4600000, 0x00000000c4dc0000, 0x00000000c4dc0000)
  to   space 7936K,   0% used [0x00000000c3e40000, 0x00000000c3e40000, 0x00000000c4600000)
 tenured generation   total 159188K, used 152039K [0x00000000d5550000, 0x00000000df0c5000, 0x0000000100000000)
   the space 159188K,  95% used [0x00000000d5550000, 0x00000000de9c9f98, 0x00000000de9ca000, 0x00000000df0c5000)
 Metaspace       used 8681K, capacity 8804K, committed 9088K, reserved 1056768K
  class space    used 993K, capacity 1040K, committed 1152K, reserved 1048576K
Event: 7.926 GC heap after
Heap after GC invocations=14 (full 2):
 def new generation   total 129664K, used 7911K [0x00000000c0000000, 0x00000000c8cb0000, 0x00000000d5550000)
  eden space 115264K,   6% used [0x00000000c0000000, 0x00000000c07b9c78, 0x00000000c7090000)
  from space 14400K,   0% used [0x00000000c7090000, 0x00000000c7090000, 0x00000000c7ea0000)
  to   space 14400K,   0% used [0x00000000c7ea0000, 0x00000000c7ea0000, 0x00000000c8cb0000)
 tenured generation   total 288080K, used 172847K [0x00000000d5550000, 0x00000000e6ea4000, 0x0000000100000000)
   the space 288080K,  59% used [0x00000000d5550000, 0x00000000dfe1bfe8, 0x00000000dfe1c000, 0x00000000e6ea4000)
 Metaspace       used 8681K, capacity 8804K, committed 9088K, reserved 1056768K
  class space    used 993K, capacity 1040K, committed 1152K, reserved 1048576K
}
Event: 8.103 GC heap before
{Heap before GC invocations=14 (full 2):
 def new generation   total 129664K, used 115264K [0x00000000c0000000, 0x00000000c8cb0000, 0x00000000d5550000)
  eden space 115264K, 100% used [0x00000000c0000000, 0x00000000c7090000, 0x00000000c7090000)
  from space 14400K,   0% used [0x00000000c7090000, 0x00000000c7090000, 0x00000000c7ea0000)
  to   space 14400K,   0% used [0x00000000c7ea0000, 0x00000000c7ea0000, 0x00000000c8cb0000)
 tenured generation   total 288080K, used 172847K [0x00000000d5550000, 0x00000000e6ea4000, 0x0000000100000000)
   the space 288080K,  59% used [0x00000000d5550000, 0x00000000dfe1bfe8, 0x00000000dfe1c000, 0x00000000e6ea4000)
 Metaspace       used 8684K, capacity 8804K, committed 9088K, reserved 1056768K
  class space    used 994K, capacity 1040K, committed 1152K, reserved 1048576K
Event: 8.369 GC heap after
Heap after GC invocations=15 (full 2):
 def new generation   total 129664K, used 14400K [0x00000000c0000000, 0x00000000c8cb0000, 0x00000000d5550000)
  eden space 115264K,   0% used [0x00000000c0000000, 0x00000000c0000000, 0x00000000c7090000)
  from space 14400K, 100% used [0x00000000c7ea0000, 0x00000000c8cb0000, 0x00000000c8cb0000)
  to   space 14400K,   0% used [0x00000000c7090000, 0x00000000c7090000, 0x00000000c7ea0000)
 tenured generation   total 288080K, used 203907K [0x00000000d5550000, 0x00000000e6ea4000, 0x0000000100000000)
   the space 288080K,  70% used [0x00000000d5550000, 0x00000000e1c70db8, 0x00000000e1c70e00, 0x00000000e6ea4000)
 Metaspace       used 8684K, capacity 8804K, committed 9088K, reserved 1056768K
  class space    used 994K, capacity 1040K, committed 1152K, reserved 1048576K
}
Event: 8.549 GC heap before
{Heap before GC invocations=15 (full 2):
 def new generation   total 129664K, used 129664K [0x00000000c0000000, 0x00000000c8cb0000, 0x00000000d5550000)
  eden space 115264K, 100% used [0x00000000c0000000, 0x00000000c7090000, 0x00000000c7090000)
  from space 14400K, 100% used [0x00000000c7ea0000, 0x00000000c8cb0000, 0x00000000c8cb0000)
  to   space 14400K,   0% used [0x00000000c7090000, 0x00000000c7090000, 0x00000000c7ea0000)
 tenured generation   total 288080K, used 203907K [0x00000000d5550000, 0x00000000e6ea4000, 0x0000000100000000)
   the space 288080K,  70% used [0x00000000d5550000, 0x00000000e1c70db8, 0x00000000e1c70e00, 0x00000000e6ea4000)
 Metaspace       used 8684K, capacity 8804K, committed 9088K, reserved 1056768K
  class space    used 994K, capacity 1040K, committed 1152K, reserved 1048576K
Event: 8.647 GC heap after
Heap after GC invocations=16 (full 2):
 def new generation   total 129664K, used 14400K [0x00000000c0000000, 0x00000000c8cb0000, 0x00000000d5550000)
  eden space 115264K,   0% used [0x00000000c0000000, 0x00000000c0000000, 0x00000000c7090000)
  from space 14400K, 100% used [0x00000000c7090000, 0x00000000c7ea0000, 0x00000000c7ea0000)
  to   space 14400K,   0% used [0x00000000c7ea0000, 0x00000000c7ea0000, 0x00000000c8cb0000)
 tenured generation   total 288080K, used 242806K [0x00000000d5550000, 0x00000000e6ea4000, 0x0000000100000000)
   the space 288080K,  84% used [0x00000000d5550000, 0x00000000e426d958, 0x00000000e426da00, 0x00000000e6ea4000)
 Metaspace       used 8684K, capacity 8804K, committed 9088K, reserved 1056768K
  class space    used 994K, capacity 1040K, committed 1152K, reserved 1048576K
}
Event: 8.922 GC heap before
{Heap before GC invocations=16 (full 2):
 def new generation   total 129664K, used 129664K [0x00000000c0000000, 0x00000000c8cb0000, 0x00000000d5550000)
  eden space 115264K, 100% used [0x00000000c0000000, 0x00000000c7090000, 0x00000000c7090000)
  from space 14400K, 100% used [0x00000000c7090000, 0x00000000c7ea0000, 0x00000000c7ea0000)
  to   space 14400K,   0% used [0x00000000c7ea0000, 0x00000000c7ea0000, 0x00000000c8cb0000)
 tenured generation   total 288080K, used 242806K [0x00000000d5550000, 0x00000000e6ea4000, 0x0000000100000000)
   the space 288080K,  84% used [0x00000000d5550000, 0x00000000e426d958, 0x00000000e426da00, 0x00000000e6ea4000)
 Metaspace       used 8685K, capacity 8804K, committed 9088K, reserved 1056768K
  class space    used 994K, capacity 1040K, committed 1152K, reserved 1048576K
Event: 9.075 GC heap after
Heap after GC invocations=17 (full 2):
 def new generation   total 129664K, used 14400K [0x00000000c0000000, 0x00000000c8cb0000, 0x00000000d5550000)
  eden space 115264K,   0% used [0x00000000c0000000, 0x00000000c0000000, 0x00000000c7090000)
  from space 14400K, 100% used [0x00000000c7ea0000, 0x00000000c8cb0000, 0x00000000c8cb0000)
  to   space 14400K,   0% used [0x00000000c7090000, 0x00000000c7090000, 0x00000000c7ea0000)
 tenured generation   total 288080K, used 280470K [0x00000000d5550000, 0x00000000e6ea4000, 0x0000000100000000)
   the space 288080K,  97% used [0x00000000d5550000, 0x00000000e6735ba8, 0x00000000e6735c00, 0x00000000e6ea4000)
 Metaspace       used 8685K, capacity 8804K, committed 9088K, reserved 1056768K
  class space    used 994K, capacity 1040K, committed 1152K, reserved 1048576K
}
Event: 9.429 GC heap before
{Heap before GC invocations=17 (full 2):
 def new generation   total 129664K, used 129664K [0x00000000c0000000, 0x00000000c8cb0000, 0x00000000d5550000)
  eden space 115264K, 100% used [0x00000000c0000000, 0x00000000c7090000, 0x00000000c7090000)
  from space 14400K, 100% used [0x00000000c7ea0000, 0x00000000c8cb0000, 0x00000000c8cb0000)
  to   space 14400K,   0% used [0x00000000c7090000, 0x00000000c7090000, 0x00000000c7ea0000)
 tenured generation   total 288080K, used 280470K [0x00000000d5550000, 0x00000000e6ea4000, 0x0000000100000000)
   the space 288080K,  97% used [0x00000000d5550000, 0x00000000e6735ba8, 0x00000000e6735c00, 0x00000000e6ea4000)
 Metaspace       used 8685K, capacity 8804K, committed 9088K, reserved 1056768K
  class space    used 994K, capacity 1040K, committed 1152K, reserved 1048576K

